<?xml version="1.0" encoding="UTF-8"?>
<testng-results skipped="0" failed="0" total="1" passed="1">
  <reporter-output>
    <line>
      <![CDATA[Thu Jun 09 21:09:09 EEST 2016	Open main page
]]>
    </line>
    <line>
      <![CDATA[Thu Jun 09 21:09:16 EEST 2016	Find the Logo
]]>
    </line>
  </reporter-output>
  <suite name="Surefire suite" duration-ms="26348" started-at="2016-06-09T21:08:53Z" finished-at="2016-06-09T21:09:20Z">
    <groups>
    </groups>
    <test name="Surefire test" duration-ms="26348" started-at="2016-06-09T21:08:53Z" finished-at="2016-06-09T21:09:20Z">
      <class name="com.qatestlab.test.SampleTest">
        <test-method status="PASS" signature="setUp()" name="setUp" is-config="true" duration-ms="15837" started-at="2016-06-09T21:08:53Z" finished-at="2016-06-09T21:09:09Z">
        </test-method>
        <test-method status="PASS" signature="test()" name="test" duration-ms="6786" started-at="2016-06-09T21:09:09Z" finished-at="2016-06-09T21:09:16Z">
        </test-method>
        <test-method status="PASS" signature="tearDown()" name="tearDown" is-config="true" duration-ms="3686" started-at="2016-06-09T21:09:16Z" finished-at="2016-06-09T21:09:20Z">
        </test-method>
      </class>
    </test>
  </suite>
</testng-results>
